# JRE version: Java(TM) SE Runtime Environment (8.0_201-b09) (build 1.8.0_201-b09)
# Java VM: Java HotSpot(TM) Client VM (25.201-b09 mixed mode windows-x86 )
Heap:
 def new generation   total 4928K, used 2940K [0x0fc00000, 0x10150000, 0x15150000)
  eden space 4416K,  60% used [0x0fc00000, 0x0fe98958, 0x10050000)
  from space 512K,  55% used [0x10050000, 0x10096a98, 0x100d0000)
  to   space 512K,   0% used [0x100d0000, 0x100d0000, 0x10150000)
 tenured generation   total 10944K, used 2010K [0x15150000, 0x15c00000, 0x1fc00000)
   the space 10944K,  18% used [0x15150000, 0x15346b48, 0x15346c00, 0x15c00000)
 Metaspace       used 4238K, capacity 4425K, committed 4480K, reserved 4480K
GC Heap History (8 events):
Event: 0.228 GC heap before
{Heap before GC invocations=0 (full 0):
 def new generation   total 4928K, used 4324K [0x0fc00000, 0x10150000, 0x15150000)
  eden space 4416K,  97% used [0x0fc00000, 0x10039068, 0x10050000)
  from space 512K,   0% used [0x10050000, 0x10050000, 0x100d0000)
  to   space 512K,   0% used [0x100d0000, 0x100d0000, 0x10150000)
 tenured generation   total 10944K, used 0K [0x15150000, 0x15c00000, 0x1fc00000)
   the space 10944K,   0% used [0x15150000, 0x15150000, 0x15150200, 0x15c00000)
 Metaspace       used 1762K, capacity 2240K, committed 2240K, reserved 4480K
Event: 0.230 GC heap after
Heap after GC invocations=1 (full 0):
 def new generation   total 4928K, used 512K [0x0fc00000, 0x10150000, 0x15150000)
  eden space 4416K,   0% used [0x0fc00000, 0x0fc00000, 0x10050000)
  from space 512K, 100% used [0x100d0000, 0x10150000, 0x10150000)
  to   space 512K,   0% used [0x10050000, 0x10050000, 0x100d0000)
 tenured generation   total 10944K, used 972K [0x15150000, 0x15c00000, 0x1fc00000)
   the space 10944K,   8% used [0x15150000, 0x152430e8, 0x15243200, 0x15c00000)
 Metaspace       used 1762K, capacity 2240K, committed 2240K, reserved 4480K
}
Event: 0.326 GC heap before
{Heap before GC invocations=1 (full 0):
 def new generation   total 4928K, used 4928K [0x0fc00000, 0x10150000, 0x15150000)
  eden space 4416K, 100% used [0x0fc00000, 0x10050000, 0x10050000)
  from space 512K, 100% used [0x100d0000, 0x10150000, 0x10150000)
  to   space 512K,   0% used [0x10050000, 0x10050000, 0x100d0000)
 tenured generation   total 10944K, used 972K [0x15150000, 0x15c00000, 0x1fc00000)
   the space 10944K,   8% used [0x15150000, 0x152430e8, 0x15243200, 0x15c00000)
 Metaspace       used 2717K, capacity 2768K, committed 2880K, reserved 4480K
Event: 0.327 GC heap after
Heap after GC invocations=2 (full 0):
 def new generation   total 4928K, used 512K [0x0fc00000, 0x10150000, 0x15150000)
  eden space 4416K,   0% used [0x0fc00000, 0x0fc00000, 0x10050000)
  from space 512K, 100% used [0x10050000, 0x100d0000, 0x100d0000)
  to   space 512K,   0% used [0x100d0000, 0x100d0000, 0x10150000)
 tenured generation   total 10944K, used 1350K [0x15150000, 0x15c00000, 0x1fc00000)
   the space 10944K,  12% used [0x15150000, 0x152a19e0, 0x152a1a00, 0x15c00000)
 Metaspace       used 2717K, capacity 2768K, committed 2880K, reserved 4480K
}
Event: 0.665 GC heap before
{Heap before GC invocations=2 (full 0):
 def new generation   total 4928K, used 4928K [0x0fc00000, 0x10150000, 0x15150000)
  eden space 4416K, 100% used [0x0fc00000, 0x10050000, 0x10050000)
  from space 512K, 100% used [0x10050000, 0x100d0000, 0x100d0000)
  to   space 512K,   0% used [0x100d0000, 0x100d0000, 0x10150000)
 tenured generation   total 10944K, used 1350K [0x15150000, 0x15c00000, 0x1fc00000)
   the space 10944K,  12% used [0x15150000, 0x152a19e0, 0x152a1a00, 0x15c00000)
 Metaspace       used 3889K, capacity 3960K, committed 4032K, reserved 4480K
Event: 0.667 GC heap after
Heap after GC invocations=3 (full 0):
 def new generation   total 4928K, used 479K [0x0fc00000, 0x10150000, 0x15150000)
  eden space 4416K,   0% used [0x0fc00000, 0x0fc00000, 0x10050000)
  from space 512K,  93% used [0x100d0000, 0x10147d20, 0x10150000)
  to   space 512K,   0% used [0x10050000, 0x10050000, 0x100d0000)
 tenured generation   total 10944K, used 1689K [0x15150000, 0x15c00000, 0x1fc00000)
   the space 10944K,  15% used [0x15150000, 0x152f6410, 0x152f6600, 0x15c00000)
 Metaspace       used 3889K, capacity 3960K, committed 4032K, reserved 4480K
}
Event: 3.307 GC heap before
{Heap before GC invocations=3 (full 0):
 def new generation   total 4928K, used 4895K [0x0fc00000, 0x10150000, 0x15150000)
  eden space 4416K, 100% used [0x0fc00000, 0x10050000, 0x10050000)
  from space 512K,  93% used [0x100d0000, 0x10147d20, 0x10150000)
  to   space 512K,   0% used [0x10050000, 0x10050000, 0x100d0000)
 tenured generation   total 10944K, used 1689K [0x15150000, 0x15c00000, 0x1fc00000)
   the space 10944K,  15% used [0x15150000, 0x152f6410, 0x152f6600, 0x15c00000)
 Metaspace       used 4238K, capacity 4425K, committed 4480K, reserved 4480K
Event: 3.310 GC heap after
Heap after GC invocations=4 (full 0):
 def new generation   total 4928K, used 282K [0x0fc00000, 0x10150000, 0x15150000)
  eden space 4416K,   0% used [0x0fc00000, 0x0fc00000, 0x10050000)
  from space 512K,  55% used [0x10050000, 0x10096a98, 0x100d0000)
  to   space 512K,   0% used [0x100d0000, 0x100d0000, 0x10150000)
 tenured generation   total 10944K, used 2010K [0x15150000, 0x15c00000, 0x1fc00000)
   the space 10944K,  18% used [0x15150000, 0x15346b48, 0x15346c00, 0x15c00000)
 Metaspace       used 4238K, capacity 4425K, committed 4480K, reserved 4480K
}

