# JRE version: Java(TM) SE Runtime Environment (8.0_201-b09) (build 1.8.0_201-b09)
# Java VM: Java HotSpot(TM) Client VM (25.201-b09 mixed mode windows-x86 )
Heap:
 def new generation   total 4928K, used 2762K [0x0fc00000, 0x10150000, 0x15150000)
  eden space 4416K,  56% used [0x0fc00000, 0x0fe6de70, 0x10050000)
  from space 512K,  53% used [0x10050000, 0x100949c0, 0x100d0000)
  to   space 512K,   0% used [0x100d0000, 0x100d0000, 0x10150000)
 tenured generation   total 10944K, used 2055K [0x15150000, 0x15c00000, 0x1fc00000)
   the space 10944K,  18% used [0x15150000, 0x15351fc0, 0x15352000, 0x15c00000)
 Metaspace       used 4397K, capacity 4588K, committed 4608K, reserved 5504K
GC Heap History (10 events):
Event: 15.583 GC heap before
{Heap before GC invocations=1 (full 0):
 def new generation   total 4928K, used 4928K [0x0fc00000, 0x10150000, 0x15150000)
  eden space 4416K, 100% used [0x0fc00000, 0x10050000, 0x10050000)
  from space 512K, 100% used [0x100d0000, 0x10150000, 0x10150000)
  to   space 512K,   0% used [0x10050000, 0x10050000, 0x100d0000)
 tenured generation   total 10944K, used 972K [0x15150000, 0x15c00000, 0x1fc00000)
   the space 10944K,   8% used [0x15150000, 0x152430e8, 0x15243200, 0x15c00000)
 Metaspace       used 2835K, capacity 2975K, committed 3008K, reserved 4480K
Event: 15.585 GC heap after
Heap after GC invocations=2 (full 0):
 def new generation   total 4928K, used 497K [0x0fc00000, 0x10150000, 0x15150000)
  eden space 4416K,   0% used [0x0fc00000, 0x0fc00000, 0x10050000)
  from space 512K,  97% used [0x10050000, 0x100cc530, 0x100d0000)
  to   space 512K,   0% used [0x100d0000, 0x100d0000, 0x10150000)
 tenured generation   total 10944K, used 1228K [0x15150000, 0x15c00000, 0x1fc00000)
   the space 10944K,  11% used [0x15150000, 0x152831a8, 0x15283200, 0x15c00000)
 Metaspace       used 2835K, capacity 2975K, committed 3008K, reserved 4480K
}
Event: 15.595 GC heap before
{Heap before GC invocations=2 (full 0):
 def new generation   total 4928K, used 4915K [0x0fc00000, 0x10150000, 0x15150000)
  eden space 4416K, 100% used [0x0fc00000, 0x10050000, 0x10050000)
  from space 512K,  97% used [0x10050000, 0x100cced8, 0x100d0000)
  to   space 512K,   0% used [0x100d0000, 0x100d0000, 0x10150000)
 tenured generation   total 10944K, used 1228K [0x15150000, 0x15c00000, 0x1fc00000)
   the space 10944K,  11% used [0x15150000, 0x152831a8, 0x15283200, 0x15c00000)
 Metaspace       used 2866K, capacity 3039K, committed 3136K, reserved 4480K
Event: 15.596 GC heap after
Heap after GC invocations=3 (full 0):
 def new generation   total 4928K, used 66K [0x0fc00000, 0x10150000, 0x15150000)
  eden space 4416K,   0% used [0x0fc00000, 0x0fc00000, 0x10050000)
  from space 512K,  12% used [0x100d0000, 0x100e09c8, 0x10150000)
  to   space 512K,   0% used [0x10050000, 0x10050000, 0x100d0000)
 tenured generation   total 10944K, used 1608K [0x15150000, 0x15c00000, 0x1fc00000)
   the space 10944K,  14% used [0x15150000, 0x152e22a8, 0x152e2400, 0x15c00000)
 Metaspace       used 2866K, capacity 3039K, committed 3136K, reserved 4480K
}
Event: 15.597 GC heap before
{Heap before GC invocations=3 (full 0):
 def new generation   total 4928K, used 154K [0x0fc00000, 0x10150000, 0x15150000)
  eden space 4416K,   2% used [0x0fc00000, 0x0fc161b8, 0x10050000)
  from space 512K,  12% used [0x100d0000, 0x100e09c8, 0x10150000)
  to   space 512K,   0% used [0x10050000, 0x10050000, 0x100d0000)
 tenured generation   total 10944K, used 1608K [0x15150000, 0x15c00000, 0x1fc00000)
   the space 10944K,  14% used [0x15150000, 0x152e22a8, 0x152e2400, 0x15c00000)
 Metaspace       used 2866K, capacity 3039K, committed 3136K, reserved 4480K
Event: 15.597 GC heap after
Heap after GC invocations=4 (full 0):
 def new generation   total 4928K, used 43K [0x0fc00000, 0x10150000, 0x15150000)
  eden space 4416K,   0% used [0x0fc00000, 0x0fc00000, 0x10050000)
  from space 512K,   8% used [0x10050000, 0x1005ac98, 0x100d0000)
  to   space 512K,   0% used [0x100d0000, 0x100d0000, 0x10150000)
 tenured generation   total 10944K, used 1608K [0x15150000, 0x15c00000, 0x1fc00000)
   the space 10944K,  14% used [0x15150000, 0x152e22a8, 0x152e2400, 0x15c00000)
 Metaspace       used 2866K, capacity 3039K, committed 3136K, reserved 4480K
}
Event: 15.650 GC heap before
{Heap before GC invocations=4 (full 0):
 def new generation   total 4928K, used 4459K [0x0fc00000, 0x10150000, 0x15150000)
  eden space 4416K, 100% used [0x0fc00000, 0x10050000, 0x10050000)
  from space 512K,   8% used [0x10050000, 0x1005ac98, 0x100d0000)
  to   space 512K,   0% used [0x100d0000, 0x100d0000, 0x10150000)
 tenured generation   total 10944K, used 1608K [0x15150000, 0x15c00000, 0x1fc00000)
   the space 10944K,  14% used [0x15150000, 0x152e22a8, 0x152e2400, 0x15c00000)
 Metaspace       used 3539K, capacity 3714K, committed 3776K, reserved 4480K
Event: 15.653 GC heap after
Heap after GC invocations=5 (full 0):
 def new generation   total 4928K, used 512K [0x0fc00000, 0x10150000, 0x15150000)
  eden space 4416K,   0% used [0x0fc00000, 0x0fc00000, 0x10050000)
  from space 512K, 100% used [0x100d0000, 0x10150000, 0x10150000)
  to   space 512K,   0% used [0x10050000, 0x10050000, 0x100d0000)
 tenured generation   total 10944K, used 1727K [0x15150000, 0x15c00000, 0x1fc00000)
   the space 10944K,  15% used [0x15150000, 0x152fffd8, 0x15300000, 0x15c00000)
 Metaspace       used 3539K, capacity 3714K, committed 3776K, reserved 4480K
}
Event: 15.919 GC heap before
{Heap before GC invocations=5 (full 0):
 def new generation   total 4928K, used 4928K [0x0fc00000, 0x10150000, 0x15150000)
  eden space 4416K, 100% used [0x0fc00000, 0x10050000, 0x10050000)
  from space 512K, 100% used [0x100d0000, 0x10150000, 0x10150000)
  to   space 512K,   0% used [0x10050000, 0x10050000, 0x100d0000)
 tenured generation   total 10944K, used 1727K [0x15150000, 0x15c00000, 0x1fc00000)
   the space 10944K,  15% used [0x15150000, 0x152fffd8, 0x15300000, 0x15c00000)
 Metaspace       used 4225K, capacity 4428K, committed 4480K, reserved 4480K
Event: 15.921 GC heap after
Heap after GC invocations=6 (full 0):
 def new generation   total 4928K, used 274K [0x0fc00000, 0x10150000, 0x15150000)
  eden space 4416K,   0% used [0x0fc00000, 0x0fc00000, 0x10050000)
  from space 512K,  53% used [0x10050000, 0x100949c0, 0x100d0000)
  to   space 512K,   0% used [0x100d0000, 0x100d0000, 0x10150000)
 tenured generation   total 10944K, used 2055K [0x15150000, 0x15c00000, 0x1fc00000)
   the space 10944K,  18% used [0x15150000, 0x15351fc0, 0x15352000, 0x15c00000)
 Metaspace       used 4225K, capacity 4428K, committed 4480K, reserved 4480K
}

